<?xml version="1.0" encoding="utf-8" standalone="no"?>
<test-run start-time="2018-01-29 15:23:12Z">
  <command-line><![CDATA[nunit3-console.exe  "D:\Studio60\Automation\Projects\STEP\S60TestExecutionPlatform\RadioRentals\bin\Debug\RadioRentals.dll" --where cat="Test"]]></command-line>
</test-run>